<?xml version="1.0" encoding="UTF-8"?>
<testsuites>
    <testsuite name="force.apex" timestamp="2025-07-16T05:38:07.000Z" hostname="https://orgfarm-7d18613451-dev-ed.develop.my.salesforce.com" tests="1" failures="1"  errors="0"  time="0.07">
        <properties>
            <property name="outcome" value="Failed"/>
            <property name="testsRan" value="1"/>
            <property name="passing" value="0"/>
            <property name="failing" value="1"/>
            <property name="skipped" value="0"/>
            <property name="passRate" value="0%"/>
            <property name="failRate" value="100%"/>
            <property name="testStartTime" value="Wed Jul 16 2025 12:38:07 AM"/>
            <property name="testSetupTimeInMs" value="0"/>
            <property name="testExecutionTime" value="0.07 s"/>
            <property name="testTotalTime" value="0.07 s"/>
            <property name="commandTime" value="0.64 s"/>
            <property name="hostname" value="https://orgfarm-7d18613451-dev-ed.develop.my.salesforce.com"/>
            <property name="orgId" value="00DgK000001suJEUAY"/>
            <property name="username" value="dany338919@agentforce.com"/>
            <property name="testRunId" value="707gK000008ut25"/>
            <property name="userId" value="005gK000001VTlBQAW"/>
        </properties>
        <testcase name="testGenerateAditionalInformation" classname="ProductInvocableActionTest" time="0.07">
            <failure message="System.AssertException: Assertion Failed: Expected: QUOTE, Actual: Incorrect_Constant"><![CDATA[Class.ProductInvocableActionTest.testGenerateAditionalInformation: line 17, column 1]]></failure>
        </testcase>
    </testsuite>
</testsuites>
